::1 - - [19/May/2021:15:43:51 +0000] "GET /api/v1/ HTTP/1.1" 200 - "http://localhost:3000/api/v1" "PostmanRuntime/7.28.0"
::1 - - [19/May/2021:16:24:19 +0000] "GET /api/v1/thumbnails/homepage HTTP/1.1" 304 - "http://localhost:4200/" "Mozilla/5.0 (Macintosh; Intel Mac OS X 10_15_7) AppleWebKit/537.36 (KHTML, like Gecko) Chrome/90.0.4430.212 Safari/537.36"
::1 - - [19/May/2021:16:24:19 +0000] "GET /api/v1/thumbnails/homepage HTTP/1.1" 304 - "http://localhost:4200/" "Mozilla/5.0 (Macintosh; Intel Mac OS X 10_15_7) AppleWebKit/537.36 (KHTML, like Gecko) Chrome/90.0.4430.212 Safari/537.36"
::1 - - [19/May/2021:16:36:05 +0000] "GET /api/v1/thumbnails/homepage HTTP/1.1" 304 - "http://localhost:4200/" "Mozilla/5.0 (Macintosh; Intel Mac OS X 10_15_7) AppleWebKit/537.36 (KHTML, like Gecko) Chrome/90.0.4430.212 Safari/537.36"
::1 - - [19/May/2021:16:36:05 +0000] "GET /api/v1/thumbnails/homepage HTTP/1.1" 304 - "http://localhost:4200/" "Mozilla/5.0 (Macintosh; Intel Mac OS X 10_15_7) AppleWebKit/537.36 (KHTML, like Gecko) Chrome/90.0.4430.212 Safari/537.36"
::1 - - [19/May/2021:16:39:22 +0000] "GET /api/v1/thumbnails/homepage HTTP/1.1" 304 - "http://localhost:4200/" "Mozilla/5.0 (Macintosh; Intel Mac OS X 10_15_7) AppleWebKit/537.36 (KHTML, like Gecko) Chrome/90.0.4430.212 Safari/537.36"
::1 - - [19/May/2021:16:39:22 +0000] "GET /api/v1/thumbnails/homepage HTTP/1.1" 304 - "http://localhost:4200/" "Mozilla/5.0 (Macintosh; Intel Mac OS X 10_15_7) AppleWebKit/537.36 (KHTML, like Gecko) Chrome/90.0.4430.212 Safari/537.36"
::1 - - [19/May/2021:16:45:12 +0000] "GET /api/v1/projects HTTP/1.1" 404 154 "-" "PostmanRuntime/7.28.0"
::1 - - [19/May/2021:16:45:55 +0000] "GET /api/v1/projects HTTP/1.1" 404 154 "-" "PostmanRuntime/7.28.0"
::1 - - [19/May/2021:16:46:39 +0000] "GET /api/v1/projects HTTP/1.1" 404 154 "-" "PostmanRuntime/7.28.0"
::1 - - [19/May/2021:16:46:41 +0000] "GET /api/v1/projects HTTP/1.1" 404 154 "-" "PostmanRuntime/7.28.0"
::1 - - [19/May/2021:16:46:42 +0000] "GET /api/v1/projects HTTP/1.1" 404 154 "-" "PostmanRuntime/7.28.0"
::1 - - [19/May/2021:16:46:42 +0000] "GET /api/v1/projects HTTP/1.1" 404 154 "-" "PostmanRuntime/7.28.0"
::1 - - [19/May/2021:16:46:43 +0000] "GET /api/v1/projects HTTP/1.1" 404 154 "-" "PostmanRuntime/7.28.0"
::1 - - [19/May/2021:16:46:43 +0000] "GET /api/v1/projects HTTP/1.1" 404 154 "-" "PostmanRuntime/7.28.0"
::1 - - [20/May/2021:13:02:06 +0000] "GET /api/v1/projects HTTP/1.1" 404 154 "-" "PostmanRuntime/7.28.0"
::1 - - [20/May/2021:13:03:25 +0000] "GET / HTTP/1.1" 200 46 "-" "PostmanRuntime/7.28.0"
::1 - - [20/May/2021:13:03:43 +0000] "GET / HTTP/1.1" 200 46 "-" "PostmanRuntime/7.28.0"
::1 - - [20/May/2021:13:04:09 +0000] "GET /api/v1/ HTTP/1.1" 200 28146 "http://localhost:3000/api/v1" "PostmanRuntime/7.28.0"
::1 - - [20/May/2021:13:04:47 +0000] "GET /api/v1/thumbnails/homepage HTTP/1.1" 200 3346 "-" "PostmanRuntime/7.28.0"
::1 - - [20/May/2021:13:14:55 +0000] "GET /api/v1/thumbnails/homepage HTTP/1.1" 200 - "-" "PostmanRuntime/7.28.0"
::1 - - [20/May/2021:13:24:41 +0000] "GET /api/v1/thumbnails/homepage HTTP/1.1" 304 - "http://localhost:4200/" "Mozilla/5.0 (Macintosh; Intel Mac OS X 10_15_7) AppleWebKit/537.36 (KHTML, like Gecko) Chrome/90.0.4430.212 Safari/537.36"
::1 - - [20/May/2021:13:24:41 +0000] "GET /api/v1/thumbnails/homepage HTTP/1.1" 304 - "http://localhost:4200/" "Mozilla/5.0 (Macintosh; Intel Mac OS X 10_15_7) AppleWebKit/537.36 (KHTML, like Gecko) Chrome/90.0.4430.212 Safari/537.36"
::1 - - [20/May/2021:13:24:46 +0000] "GET /api/v1/projectDetails/italy-at-frieze HTTP/1.1" 304 - "http://localhost:4200/" "Mozilla/5.0 (Macintosh; Intel Mac OS X 10_15_7) AppleWebKit/537.36 (KHTML, like Gecko) Chrome/90.0.4430.212 Safari/537.36"
::1 - - [20/May/2021:13:24:50 +0000] "GET /api/v1/projectDetails/next/italy-at-frieze HTTP/1.1" 304 - "http://localhost:4200/" "Mozilla/5.0 (Macintosh; Intel Mac OS X 10_15_7) AppleWebKit/537.36 (KHTML, like Gecko) Chrome/90.0.4430.212 Safari/537.36"
::1 - - [20/May/2021:16:28:21 +0000] "GET / HTTP/1.1" 200 42 "-" "PostmanRuntime/7.28.0"
::1 - - [20/May/2021:16:29:03 +0000] "GET /api/v1/thumbnails/homepage HTTP/1.1" 200 2 "http://localhost:8080/" "Mozilla/5.0 (Macintosh; Intel Mac OS X 10_15_7) AppleWebKit/537.36 (KHTML, like Gecko) Chrome/90.0.4430.212 Safari/537.36"
::1 - - [20/May/2021:16:30:53 +0000] "GET /api/v1/thumbnails/homepage HTTP/1.1" 200 2 "http://localhost:8080/" "Mozilla/5.0 (Macintosh; Intel Mac OS X 10_15_7) AppleWebKit/537.36 (KHTML, like Gecko) Chrome/90.0.4430.212 Safari/537.36"
::1 - - [20/May/2021:16:31:08 +0000] "GET /api/v1/thumbnails/homepage HTTP/1.1" 200 2 "http://localhost:8080/" "Mozilla/5.0 (Macintosh; Intel Mac OS X 10_15_7) AppleWebKit/537.36 (KHTML, like Gecko) Chrome/90.0.4430.212 Safari/537.36"
::1 - - [20/May/2021:16:31:15 +0000] "GET /api/v1/thumbnails/homepage HTTP/1.1" 304 - "http://localhost:8080/" "Mozilla/5.0 (Macintosh; Intel Mac OS X 10_15_7) AppleWebKit/537.36 (KHTML, like Gecko) Chrome/90.0.4430.212 Safari/537.36"
::1 - - [20/May/2021:16:31:32 +0000] "GET / HTTP/1.1" 200 42 "-" "PostmanRuntime/7.28.0"
::1 - - [20/May/2021:16:31:34 +0000] "GET / HTTP/1.1" 200 42 "-" "PostmanRuntime/7.28.0"
::1 - - [20/May/2021:19:22:28 +0000] "GET /api/v1/thumbnails/homepage HTTP/1.1" 304 - "http://localhost:8080/" "Mozilla/5.0 (Macintosh; Intel Mac OS X 10_15_7) AppleWebKit/537.36 (KHTML, like Gecko) Chrome/90.0.4430.212 Safari/537.36"
::1 - - [20/May/2021:19:22:59 +0000] "GET / HTTP/1.1" 200 42 "-" "PostmanRuntime/7.28.0"
::1 - - [20/May/2021:19:23:06 +0000] "GET /api/v1/projects HTTP/1.1" 404 154 "-" "PostmanRuntime/7.28.0"
::1 - - [20/May/2021:19:23:18 +0000] "GET /api/v1/thumbnails/workpage HTTP/1.1" 200 2 "-" "PostmanRuntime/7.28.0"
::1 - - [20/May/2021:19:23:33 +0000] "GET /api/v1/thumbnails/workpage HTTP/1.1" 200 2 "-" "PostmanRuntime/7.28.0"
::1 - - [20/May/2021:19:24:44 +0000] "GET /api/v1/thumbnails/workpage HTTP/1.1" 200 2 "-" "PostmanRuntime/7.28.0"
::1 - - [20/May/2021:19:25:25 +0000] "GET /api/v1/thumbnails/workpage HTTP/1.1" 200 2 "-" "PostmanRuntime/7.28.0"
::1 - - [20/May/2021:19:26:45 +0000] "GET /api/v1/thumbnails/workpage HTTP/1.1" 200 - "-" "PostmanRuntime/7.28.0"
::1 - - [20/May/2021:19:31:45 +0000] "GET /api/v1/thumbnails/homepage HTTP/1.1" 200 - "http://localhost:8080/" "Mozilla/5.0 (Macintosh; Intel Mac OS X 10_15_7) AppleWebKit/537.36 (KHTML, like Gecko) Chrome/90.0.4430.212 Safari/537.36"
::1 - - [20/May/2021:19:31:49 +0000] "GET /api/v1/projectDetails/italy-at-frieze HTTP/1.1" 304 - "http://localhost:8080/" "Mozilla/5.0 (Macintosh; Intel Mac OS X 10_15_7) AppleWebKit/537.36 (KHTML, like Gecko) Chrome/90.0.4430.212 Safari/537.36"
::1 - - [20/May/2021:19:31:51 +0000] "GET /api/v1/thumbnails/homepage HTTP/1.1" 304 - "http://localhost:8080/" "Mozilla/5.0 (Macintosh; Intel Mac OS X 10_15_7) AppleWebKit/537.36 (KHTML, like Gecko) Chrome/90.0.4430.212 Safari/537.36"
::1 - - [20/May/2021:19:31:53 +0000] "GET /api/v1/projectDetails/De-Stress-Me HTTP/1.1" 200 - "http://localhost:8080/" "Mozilla/5.0 (Macintosh; Intel Mac OS X 10_15_7) AppleWebKit/537.36 (KHTML, like Gecko) Chrome/90.0.4430.212 Safari/537.36"
::1 - - [20/May/2021:19:31:56 +0000] "GET /api/v1/projectDetails/next/De-Stress-Me HTTP/1.1" 304 - "http://localhost:8080/" "Mozilla/5.0 (Macintosh; Intel Mac OS X 10_15_7) AppleWebKit/537.36 (KHTML, like Gecko) Chrome/90.0.4430.212 Safari/537.36"
::1 - - [20/May/2021:19:32:02 +0000] "GET /api/v1/thumbnails/homepage HTTP/1.1" 304 - "http://localhost:8080/" "Mozilla/5.0 (Macintosh; Intel Mac OS X 10_15_7) AppleWebKit/537.36 (KHTML, like Gecko) Chrome/90.0.4430.212 Safari/537.36"
